Build started 2013/11/18 下午 07:12:08.
     1>Project "C:\Users\AKI\Desktop\renderProject\renderProject\renderProject\renderProject.vcxproj" on node 2 (build target(s)).
     1>InitializeBuildStatus:
         Creating "Debug\renderProject.unsuccessfulbuild" because "AlwaysCreate" was specified.
       ClCompile:
         c:\Program Files (x86)\Microsoft Visual Studio 10.0\VC\bin\CL.exe /c /ZI /nologo /W3 /WX- /Od /Oy- /D WIN32 /D _DEBUG /D _CONSOLE /D _UNICODE /D UNICODE /Gm /EHsc /RTC1 /MDd /GS /fp:precise /Zc:wchar_t /Zc:forScope /Fo"Debug\\" /Fd"Debug\vc100.pdb" /Gd /TP /analyze- /errorReport:prompt renderProject.cpp
         renderProject.cpp
     1>c:\users\aki\desktop\renderproject\renderproject\renderproject\renderproject.cpp(153): warning C4244: 'argument' : conversion from 'time_t' to 'unsigned int', possible loss of data
     1>c:\users\aki\desktop\renderproject\renderproject\renderproject\renderproject.cpp(716): warning C4305: '=' : truncation from 'double' to 'GLfloat'
     1>c:\users\aki\desktop\renderproject\renderproject\renderproject\renderproject.cpp(717): warning C4305: '=' : truncation from 'double' to 'GLfloat'
     1>c:\users\aki\desktop\renderproject\renderproject\renderproject\renderproject.cpp(718): warning C4305: '=' : truncation from 'double' to 'GLfloat'
     1>c:\users\aki\desktop\renderproject\renderproject\renderproject\renderproject.cpp(742): warning C4305: '=' : truncation from 'double' to 'GLfloat'
     1>c:\users\aki\desktop\renderproject\renderproject\renderproject\renderproject.cpp(743): warning C4305: '=' : truncation from 'double' to 'GLfloat'
     1>c:\users\aki\desktop\renderproject\renderproject\renderproject\renderproject.cpp(744): warning C4305: '=' : truncation from 'double' to 'GLfloat'
     1>c:\users\aki\desktop\renderproject\renderproject\renderproject\renderproject.cpp(1215): warning C4101: 'zz' : unreferenced local variable
     1>c:\users\aki\desktop\renderproject\renderproject\renderproject\renderproject.cpp(1215): warning C4101: 'ii' : unreferenced local variable
     1>c:\users\aki\desktop\renderproject\renderproject\renderproject\renderproject.cpp(1215): warning C4101: 'jj' : unreferenced local variable
       ResourceCompile:
         All outputs are up-to-date.
       ManifestResourceCompile:
         All outputs are up-to-date.
       Link:
         c:\Program Files (x86)\Microsoft Visual Studio 10.0\VC\bin\link.exe /ERRORREPORT:PROMPT /OUT:"C:\Users\AKI\Desktop\renderProject\renderProject\Debug\renderProject.exe" /INCREMENTAL /NOLOGO kernel32.lib user32.lib gdi32.lib winspool.lib comdlg32.lib advapi32.lib shell32.lib ole32.lib oleaut32.lib uuid.lib odbc32.lib odbccp32.lib /MANIFEST /ManifestFile:"Debug\renderProject.exe.intermediate.manifest" /MANIFESTUAC:"level='asInvoker' uiAccess='false'" /DEBUG /PDB:"C:\Users\AKI\Desktop\renderProject\renderProject\Debug\renderProject.pdb" /SUBSYSTEM:CONSOLE /TLBID:1 /DYNAMICBASE /NXCOMPAT /IMPLIB:"C:\Users\AKI\Desktop\renderProject\renderProject\Debug\renderProject.lib" /MACHINE:X86 Debug\renderProject.res
         Debug\renderProject.exe.embed.manifest.res
         Debug\l3dBillboard.obj
         Debug\renderProject.obj
         Debug\tga.obj
         Debug\trackball.obj
       Manifest:
         C:\Program Files (x86)\Microsoft SDKs\Windows\v7.0A\bin\mt.exe /nologo /verbose /out:"Debug\renderProject.exe.embed.manifest" /manifest Debug\renderProject.exe.intermediate.manifest
         All outputs are up-to-date.
       LinkEmbedManifest:
         All outputs are up-to-date.
         renderProject.vcxproj -> C:\Users\AKI\Desktop\renderProject\renderProject\Debug\renderProject.exe
       FinalizeBuildStatus:
         Deleting file "Debug\renderProject.unsuccessfulbuild".
         Touching "Debug\renderProject.lastbuildstate".
     1>Done Building Project "C:\Users\AKI\Desktop\renderProject\renderProject\renderProject\renderProject.vcxproj" (build target(s)).

Build succeeded.

Time Elapsed 00:00:01.43
