C:\USERS\AKI\DESKTOP\RENDERPROJECT\RENDERPROJECT\DEBUG\RENDERPROJECT.EXE
C:\USERS\AKI\DESKTOP\RENDERPROJECT\RENDERPROJECT\DEBUG\RENDERPROJECT.ILK
C:\USERS\AKI\DESKTOP\RENDERPROJECT\RENDERPROJECT\DEBUG\RENDERPROJECT.PDB
C:\Users\AKI\Desktop\renderProject\renderProject\renderProject\Debug\cl.command.1.tlog
C:\Users\AKI\Desktop\renderProject\renderProject\renderProject\Debug\CL.read.1.tlog
C:\Users\AKI\Desktop\renderProject\renderProject\renderProject\Debug\CL.write.1.tlog
C:\USERS\AKI\DESKTOP\RENDERPROJECT\RENDERPROJECT\RENDERPROJECT\DEBUG\L3DBILLBOARD.OBJ
C:\Users\AKI\Desktop\renderProject\renderProject\renderProject\Debug\link.3556.read.1.tlog
C:\Users\AKI\Desktop\renderProject\renderProject\renderProject\Debug\link.3556.write.1.tlog
C:\Users\AKI\Desktop\renderProject\renderProject\renderProject\Debug\link.3556-cvtres.read.1.tlog
C:\Users\AKI\Desktop\renderProject\renderProject\renderProject\Debug\link.3556-cvtres.write.1.tlog
C:\Users\AKI\Desktop\renderProject\renderProject\renderProject\Debug\link.command.1.tlog
C:\Users\AKI\Desktop\renderProject\renderProject\renderProject\Debug\link.read.1.tlog
C:\Users\AKI\Desktop\renderProject\renderProject\renderProject\Debug\link.write.1.tlog
C:\Users\AKI\Desktop\renderProject\renderProject\renderProject\Debug\link-cvtres.read.1.tlog
C:\Users\AKI\Desktop\renderProject\renderProject\renderProject\Debug\link-cvtres.write.1.tlog
C:\Users\AKI\Desktop\renderProject\renderProject\renderProject\Debug\mt.command.1.tlog
C:\Users\AKI\Desktop\renderProject\renderProject\renderProject\Debug\mt.read.1.tlog
C:\Users\AKI\Desktop\renderProject\renderProject\renderProject\Debug\mt.write.1.tlog
C:\Users\AKI\Desktop\renderProject\renderProject\renderProject\Debug\rc.command.1.tlog
C:\Users\AKI\Desktop\renderProject\renderProject\renderProject\Debug\rc.read.1.tlog
C:\Users\AKI\Desktop\renderProject\renderProject\renderProject\Debug\rc.write.1.tlog
C:\USERS\AKI\DESKTOP\RENDERPROJECT\RENDERPROJECT\RENDERPROJECT\DEBUG\RENDERPROJECT.EXE.EMBED.MANIFEST
C:\USERS\AKI\DESKTOP\RENDERPROJECT\RENDERPROJECT\RENDERPROJECT\DEBUG\RENDERPROJECT.EXE.EMBED.MANIFEST.RES
C:\USERS\AKI\DESKTOP\RENDERPROJECT\RENDERPROJECT\RENDERPROJECT\DEBUG\RENDERPROJECT.EXE.INTERMEDIATE.MANIFEST
C:\USERS\AKI\DESKTOP\RENDERPROJECT\RENDERPROJECT\RENDERPROJECT\DEBUG\RENDERPROJECT.OBJ
C:\USERS\AKI\DESKTOP\RENDERPROJECT\RENDERPROJECT\RENDERPROJECT\DEBUG\RENDERPROJECT.RES
C:\Users\AKI\Desktop\renderProject\renderProject\renderProject\Debug\renderProject_manifest.rc
C:\USERS\AKI\DESKTOP\RENDERPROJECT\RENDERPROJECT\RENDERPROJECT\DEBUG\TGA.OBJ
C:\USERS\AKI\DESKTOP\RENDERPROJECT\RENDERPROJECT\RENDERPROJECT\DEBUG\TRACKBALL.OBJ
C:\Users\AKI\Desktop\renderProject\renderProject\renderProject\Debug\vc100.idb
C:\USERS\AKI\DESKTOP\RENDERPROJECT\RENDERPROJECT\RENDERPROJECT\DEBUG\VC100.PDB
